<?xml version="1.0" encoding="UTF-8"?>
<!-- Generated by org.testng.reporters.JUnitReportReporter -->
<testsuite hostname="DESKTOP-24IUM2G" failures="0" tests="1" name="driverFactory.AppTest" time="137.827" errors="0" timestamp="2024-03-15T16:52:56 IST" skipped="0">
  <testcase classname="driverFactory.AppTest" name="kickStrat" time="137.827">
    <system-out>
      <![CDATA[Stock-000000896        Stock-000000896
Supplier-00000001953      Supplier-00000001953
Customer-00000003320      Customer-00000003320]]>
    </system-out>
  </testcase> <!-- kickStrat -->
  <system-out>
    <![CDATA[Stock-000000896        Stock-000000896
Supplier-00000001953      Supplier-00000001953
Customer-00000003320      Customer-00000003320]]>
  </system-out>
</testsuite> <!-- driverFactory.AppTest -->
